<?xml version="1.0" encoding="UTF-8"?>
<testsuites name="Daftar Akun" time="62.448" tests="3" failures="0" errors="0">
   <testsuite name="Daftar Akun" tests="3" failures="0" errors="0" time="62.448" skipped="0" timestamp="17-05-2024T09:27:39" hostname="papah - PapahGilak" id="Test Suites/Daftar Akun">
      <properties>
         <property name="deviceName" value=""/>
         <property name="devicePlatform" value=""/>
         <property name="logFolder" value="C:\\Users\\papah\\git\\Katalon-Training-Project\\Reports\\20240517_092732\\Daftar Akun\\20240517_092733"/>
         <property name="logFiles" value="C:\\Users\\papah\\git\\Katalon-Training-Project\\Reports\\20240517_092732\\Daftar Akun\\20240517_092733\\execution0.log"/>
         <property name="attachments" value="C:\\Users\\papah\\git\\Katalon-Training-Project\\Reports\\20240517_092732\\Daftar Akun\\20240517_092733\\1715912872019.png, C:\\Users\\papah\\git\\Katalon-Training-Project\\Reports\\20240517_092732\\Daftar Akun\\20240517_092733\\1715912878407.png, C:\\Users\\papah\\git\\Katalon-Training-Project\\Reports\\20240517_092732\\Daftar Akun\\20240517_092733\\1715912890757.png, C:\\Users\\papah\\git\\Katalon-Training-Project\\Reports\\20240517_092732\\Daftar Akun\\20240517_092733\\1715912896381.png, C:\\Users\\papah\\git\\Katalon-Training-Project\\Reports\\20240517_092732\\Daftar Akun\\20240517_092733\\1715912910822.png, C:\\Users\\papah\\git\\Katalon-Training-Project\\Reports\\20240517_092732\\Daftar Akun\\20240517_092733\\1715912916913.png"/>
         <property name="hostName" value="papah - PapahGilak"/>
         <property name="os" value="Windows 11 64bit"/>
         <property name="katalonVersion" value="9.4.0.212"/>
         <property name="browser" value="Chrome 124.0.0.0"/>
         <property name="hostAddress" value="192.168.0.121"/>
         <property name="sessionId" value="ee69356456aee16f0932926df39b7f7b"/>
         <property name="seleniumVersion" value="3.141.59"/>
         <property name="proxyInformation" value="ProxyInformation { proxyOption=NO_PROXY, proxyServerType=HTTP, username=, password=********, proxyServerAddress=, proxyServerPort=0, executionList=&quot;&quot;, isApplyToDesiredCapabilities=true }"/>
         <property name="platform" value="Windows 11"/>
      </properties>
      <testcase name="Test Cases/Test Case 5 (Normal Daftar Akun)" time="23.773" classname="Test Cases/Test Case 5 (Normal Daftar Akun)" status="PASSED">
         <system-out><![CDATA[17-05-2024T09:27:39 - [TEST_CASE][PASSED] - Test Cases/Test Case 5 (Normal Daftar Akun): Test Cases/Test Case 5 (Normal Daftar Akun)

17-05-2024T09:27:39 - [TEST_STEP][PASSED] - openBrowser(""): Browser is opened with url: ''

17-05-2024T09:27:40 - [MESSAGE][INFO] - Starting 'Chrome' driver

17-05-2024T09:27:40 - [MESSAGE][INFO] - Action delay is set to 0 milliseconds

17-05-2024T09:27:42 - [MESSAGE][PASSED] - Browser is opened with url: ''

17-05-2024T09:27:42 - [TEST_STEP][PASSED] - maximizeWindow(): Current window maximized

17-05-2024T09:27:42 - [MESSAGE][PASSED] - Current window maximized

17-05-2024T09:27:42 - [TEST_STEP][PASSED] - navigateToUrl("https://metrodataacademy.id/"): Navigate to 'https://metrodataacademy.id/' successfully

17-05-2024T09:27:46 - [MESSAGE][PASSED] - Navigate to 'https://metrodataacademy.id/' successfully

17-05-2024T09:27:46 - [TEST_STEP][PASSED] - takeScreenshot(): Taking screenshot successfully

17-05-2024T09:27:52 - [MESSAGE][PASSED] - Taking screenshot successfully
[[ATTACHMENT|C:\\Users\\papah\\git\\Katalon-Training-Project\\Reports\\20240517_092732\\Daftar Akun\\20240517_092733\\1715912872019.png]]

17-05-2024T09:27:52 - [TEST_STEP][PASSED] - click(findTestObject("Object Repository/Page_Metrodata Academy/a_Daftar")): Object: 'Object Repository/Page_Metrodata Academy/a_Daftar' is clicked on

17-05-2024T09:27:53 - [MESSAGE][PASSED] - Object: 'Object Repository/Page_Metrodata Academy/a_Daftar' is clicked on

17-05-2024T09:27:53 - [TEST_STEP][PASSED] - setText(findTestObject("Object Repository/Page_Metrodata Academy/input__name"), "Daftar Akun Coba"): Text 'Daftar Akun Coba' is set on object 'Object Repository/Page_Metrodata Academy/input__name'

17-05-2024T09:27:54 - [MESSAGE][PASSED] - Text 'Daftar Akun Coba' is set on object 'Object Repository/Page_Metrodata Academy/input__name'

17-05-2024T09:27:54 - [TEST_STEP][PASSED] - setText(findTestObject("Object Repository/Page_Metrodata Academy/input__email"), "testdaftar@gmail.com"): Text 'testdaftar@gmail.com' is set on object 'Object Repository/Page_Metrodata Academy/input__email'

17-05-2024T09:27:55 - [MESSAGE][PASSED] - Text 'testdaftar@gmail.com' is set on object 'Object Repository/Page_Metrodata Academy/input__email'

17-05-2024T09:27:55 - [TEST_STEP][PASSED] - setText(findTestObject("Object Repository/Page_Metrodata Academy/input__password"), "XI61MEO8PAA="): Text 'XI61MEO8PAA=' is set on object 'Object Repository/Page_Metrodata Academy/input__password'

17-05-2024T09:27:56 - [MESSAGE][PASSED] - Text 'XI61MEO8PAA=' is set on object 'Object Repository/Page_Metrodata Academy/input__password'

17-05-2024T09:27:56 - [TEST_STEP][PASSED] - setText(findTestObject("Object Repository/Page_Metrodata Academy/input__confirmpassword"), "XI61MEO8PAA="): Text 'XI61MEO8PAA=' is set on object 'Object Repository/Page_Metrodata Academy/input__confirmpassword'

17-05-2024T09:27:56 - [MESSAGE][PASSED] - Text 'XI61MEO8PAA=' is set on object 'Object Repository/Page_Metrodata Academy/input__confirmpassword'

17-05-2024T09:27:56 - [TEST_STEP][PASSED] - click(findTestObject("Object Repository/Page_Metrodata Academy/input__termsCondition")): Object: 'Object Repository/Page_Metrodata Academy/input__termsCondition' is clicked on

17-05-2024T09:27:57 - [MESSAGE][PASSED] - Object: 'Object Repository/Page_Metrodata Academy/input__termsCondition' is clicked on

17-05-2024T09:27:57 - [TEST_STEP][PASSED] - click(findTestObject("Object Repository/Page_Metrodata Academy/button_Daftar")): Object: 'Object Repository/Page_Metrodata Academy/button_Daftar' is clicked on

17-05-2024T09:27:57 - [MESSAGE][PASSED] - Object: 'Object Repository/Page_Metrodata Academy/button_Daftar' is clicked on

17-05-2024T09:27:57 - [TEST_STEP][PASSED] - takeScreenshot(): Taking screenshot successfully

17-05-2024T09:27:58 - [MESSAGE][PASSED] - Taking screenshot successfully
[[ATTACHMENT|C:\\Users\\papah\\git\\Katalon-Training-Project\\Reports\\20240517_092732\\Daftar Akun\\20240517_092733\\1715912878407.png]]

17-05-2024T09:27:58 - [TEST_STEP][PASSED] - delay(4): Delayed 4 second(s)

17-05-2024T09:28:02 - [MESSAGE][PASSED] - Delayed 4 second(s)

17-05-2024T09:28:02 - [TEST_STEP][PASSED] - closeBrowser(): Browser is closed

17-05-2024T09:28:03 - [MESSAGE][PASSED] - Browser is closed]]></system-out>
         <system-err><![CDATA[]]></system-err>
      </testcase>
      <testcase name="Test Cases/Test Case 6 (Abnormal Daftar Akun Validasi Field)" time="17.935" classname="Test Cases/Test Case 6 (Abnormal Daftar Akun Validasi Field)" status="PASSED">
         <system-out><![CDATA[17-05-2024T09:28:03 - [TEST_CASE][PASSED] - Test Cases/Test Case 6 (Abnormal Daftar Akun Validasi Field): Test Cases/Test Case 6 (Abnormal Daftar Akun Validasi Field)

17-05-2024T09:28:03 - [TEST_STEP][PASSED] - openBrowser(""): Browser is opened with url: ''

17-05-2024T09:28:03 - [MESSAGE][INFO] - Starting 'Chrome' driver

17-05-2024T09:28:03 - [MESSAGE][INFO] - Action delay is set to 0 milliseconds

17-05-2024T09:28:04 - [MESSAGE][PASSED] - Browser is opened with url: ''

17-05-2024T09:28:04 - [TEST_STEP][PASSED] - maximizeWindow(): Current window maximized

17-05-2024T09:28:04 - [MESSAGE][PASSED] - Current window maximized

17-05-2024T09:28:04 - [TEST_STEP][PASSED] - navigateToUrl("https://metrodataacademy.id/"): Navigate to 'https://metrodataacademy.id/' successfully

17-05-2024T09:28:06 - [MESSAGE][PASSED] - Navigate to 'https://metrodataacademy.id/' successfully

17-05-2024T09:28:06 - [TEST_STEP][PASSED] - takeScreenshot(): Taking screenshot successfully

17-05-2024T09:28:11 - [MESSAGE][PASSED] - Taking screenshot successfully
[[ATTACHMENT|C:\\Users\\papah\\git\\Katalon-Training-Project\\Reports\\20240517_092732\\Daftar Akun\\20240517_092733\\1715912890757.png]]

17-05-2024T09:28:11 - [TEST_STEP][PASSED] - click(findTestObject("Object Repository/Page_Metrodata Academy/a_Daftar")): Object: 'Object Repository/Page_Metrodata Academy/a_Daftar' is clicked on

17-05-2024T09:28:12 - [MESSAGE][PASSED] - Object: 'Object Repository/Page_Metrodata Academy/a_Daftar' is clicked on

17-05-2024T09:28:12 - [TEST_STEP][PASSED] - name = "Daftar Akun Coba": null

17-05-2024T09:28:12 - [TEST_STEP][PASSED] - email = "testdaftar@gmail.com": null

17-05-2024T09:28:12 - [TEST_STEP][PASSED] - password = "": null

17-05-2024T09:28:12 - [TEST_STEP][PASSED] - confirmPassword = "XI61MEO8PAA=": null

17-05-2024T09:28:12 - [TEST_STEP][PASSED] - setText(findTestObject("Object Repository/Page_Metrodata Academy/input__name"), name): Text 'Daftar Akun Coba' is set on object 'Object Repository/Page_Metrodata Academy/input__name'

17-05-2024T09:28:12 - [MESSAGE][PASSED] - Text 'Daftar Akun Coba' is set on object 'Object Repository/Page_Metrodata Academy/input__name'

17-05-2024T09:28:12 - [TEST_STEP][PASSED] - setText(findTestObject("Object Repository/Page_Metrodata Academy/input__email"), email): Text 'testdaftar@gmail.com' is set on object 'Object Repository/Page_Metrodata Academy/input__email'

17-05-2024T09:28:13 - [MESSAGE][PASSED] - Text 'testdaftar@gmail.com' is set on object 'Object Repository/Page_Metrodata Academy/input__email'

17-05-2024T09:28:13 - [TEST_STEP][PASSED] - setText(findTestObject("Object Repository/Page_Metrodata Academy/input__password"), password): Text '' is set on object 'Object Repository/Page_Metrodata Academy/input__password'

17-05-2024T09:28:14 - [MESSAGE][PASSED] - Text '' is set on object 'Object Repository/Page_Metrodata Academy/input__password'

17-05-2024T09:28:14 - [TEST_STEP][PASSED] - setText(findTestObject("Object Repository/Page_Metrodata Academy/input__confirmpassword"), confirmPassword): Text 'XI61MEO8PAA=' is set on object 'Object Repository/Page_Metrodata Academy/input__confirmpassword'

17-05-2024T09:28:14 - [MESSAGE][PASSED] - Text 'XI61MEO8PAA=' is set on object 'Object Repository/Page_Metrodata Academy/input__confirmpassword'

17-05-2024T09:28:14 - [TEST_STEP][PASSED] - if (name.isEmpty() || email.isEmpty() || password.isEmpty() || confirmPassword.isEmpty()): null

17-05-2024T09:28:14 - [TEST_STEP][PASSED] - println("Error: Ada field yang kosong!"): null

17-05-2024T09:28:14 - [TEST_STEP][PASSED] - click(findTestObject("Object Repository/Page_Metrodata Academy/input__termsCondition")): Object: 'Object Repository/Page_Metrodata Academy/input__termsCondition' is clicked on

17-05-2024T09:28:15 - [MESSAGE][PASSED] - Object: 'Object Repository/Page_Metrodata Academy/input__termsCondition' is clicked on

17-05-2024T09:28:15 - [TEST_STEP][PASSED] - click(findTestObject("Object Repository/Page_Metrodata Academy/button_Daftar")): Object: 'Object Repository/Page_Metrodata Academy/button_Daftar' is clicked on

17-05-2024T09:28:15 - [MESSAGE][PASSED] - Object: 'Object Repository/Page_Metrodata Academy/button_Daftar' is clicked on

17-05-2024T09:28:15 - [TEST_STEP][PASSED] - takeScreenshot(): Taking screenshot successfully

17-05-2024T09:28:16 - [MESSAGE][PASSED] - Taking screenshot successfully
[[ATTACHMENT|C:\\Users\\papah\\git\\Katalon-Training-Project\\Reports\\20240517_092732\\Daftar Akun\\20240517_092733\\1715912896381.png]]

17-05-2024T09:28:16 - [TEST_STEP][PASSED] - delay(4): Delayed 4 second(s)

17-05-2024T09:28:20 - [MESSAGE][PASSED] - Delayed 4 second(s)

17-05-2024T09:28:20 - [TEST_STEP][PASSED] - closeBrowser(): Browser is closed

17-05-2024T09:28:21 - [MESSAGE][PASSED] - Browser is closed]]></system-out>
         <system-err><![CDATA[]]></system-err>
      </testcase>
      <testcase name="Test Cases/Test Case 7 (Abnormal Daftar Akun Email Sudah Terdaftar)" time="20.463" classname="Test Cases/Test Case 7 (Abnormal Daftar Akun Email Sudah Terdaftar)" status="PASSED">
         <system-out><![CDATA[17-05-2024T09:28:21 - [TEST_CASE][PASSED] - Test Cases/Test Case 7 (Abnormal Daftar Akun Email Sudah Terdaftar): Test Cases/Test Case 7 (Abnormal Daftar Akun Email Sudah Terdaftar)

17-05-2024T09:28:21 - [TEST_STEP][PASSED] - openBrowser(""): Browser is opened with url: ''

17-05-2024T09:28:21 - [MESSAGE][INFO] - Starting 'Chrome' driver

17-05-2024T09:28:21 - [MESSAGE][INFO] - Action delay is set to 0 milliseconds

17-05-2024T09:28:22 - [MESSAGE][PASSED] - Browser is opened with url: ''

17-05-2024T09:28:22 - [TEST_STEP][PASSED] - maximizeWindow(): Current window maximized

17-05-2024T09:28:22 - [MESSAGE][PASSED] - Current window maximized

17-05-2024T09:28:22 - [TEST_STEP][PASSED] - navigateToUrl("https://metrodataacademy.id/"): Navigate to 'https://metrodataacademy.id/' successfully

17-05-2024T09:28:25 - [MESSAGE][PASSED] - Navigate to 'https://metrodataacademy.id/' successfully

17-05-2024T09:28:25 - [TEST_STEP][PASSED] - takeScreenshot(): Taking screenshot successfully

17-05-2024T09:28:31 - [MESSAGE][PASSED] - Taking screenshot successfully
[[ATTACHMENT|C:\\Users\\papah\\git\\Katalon-Training-Project\\Reports\\20240517_092732\\Daftar Akun\\20240517_092733\\1715912910822.png]]

17-05-2024T09:28:31 - [TEST_STEP][PASSED] - click(findTestObject("Object Repository/Page_Metrodata Academy/a_Daftar")): Object: 'Object Repository/Page_Metrodata Academy/a_Daftar' is clicked on

17-05-2024T09:28:32 - [MESSAGE][PASSED] - Object: 'Object Repository/Page_Metrodata Academy/a_Daftar' is clicked on

17-05-2024T09:28:32 - [TEST_STEP][PASSED] - setText(findTestObject("Object Repository/Page_Metrodata Academy/input__name"), "Daftar Akun Coba"): Text 'Daftar Akun Coba' is set on object 'Object Repository/Page_Metrodata Academy/input__name'

17-05-2024T09:28:33 - [MESSAGE][PASSED] - Text 'Daftar Akun Coba' is set on object 'Object Repository/Page_Metrodata Academy/input__name'

17-05-2024T09:28:33 - [TEST_STEP][PASSED] - setText(findTestObject("Object Repository/Page_Metrodata Academy/input__email"), "testdaftar@gmail.com"): Text 'testdaftar@gmail.com' is set on object 'Object Repository/Page_Metrodata Academy/input__email'

17-05-2024T09:28:33 - [MESSAGE][PASSED] - Text 'testdaftar@gmail.com' is set on object 'Object Repository/Page_Metrodata Academy/input__email'

17-05-2024T09:28:33 - [TEST_STEP][PASSED] - setText(findTestObject("Object Repository/Page_Metrodata Academy/input__password"), "XI61MEO8PAA="): Text 'XI61MEO8PAA=' is set on object 'Object Repository/Page_Metrodata Academy/input__password'

17-05-2024T09:28:34 - [MESSAGE][PASSED] - Text 'XI61MEO8PAA=' is set on object 'Object Repository/Page_Metrodata Academy/input__password'

17-05-2024T09:28:34 - [TEST_STEP][PASSED] - setText(findTestObject("Object Repository/Page_Metrodata Academy/input__confirmpassword"), "XI61MEO8PAA="): Text 'XI61MEO8PAA=' is set on object 'Object Repository/Page_Metrodata Academy/input__confirmpassword'

17-05-2024T09:28:35 - [MESSAGE][PASSED] - Text 'XI61MEO8PAA=' is set on object 'Object Repository/Page_Metrodata Academy/input__confirmpassword'

17-05-2024T09:28:35 - [TEST_STEP][PASSED] - click(findTestObject("Object Repository/Page_Metrodata Academy/input__termsCondition")): Object: 'Object Repository/Page_Metrodata Academy/input__termsCondition' is clicked on

17-05-2024T09:28:35 - [MESSAGE][PASSED] - Object: 'Object Repository/Page_Metrodata Academy/input__termsCondition' is clicked on

17-05-2024T09:28:35 - [TEST_STEP][PASSED] - click(findTestObject("Object Repository/Page_Metrodata Academy/button_Daftar")): Object: 'Object Repository/Page_Metrodata Academy/button_Daftar' is clicked on

17-05-2024T09:28:36 - [MESSAGE][PASSED] - Object: 'Object Repository/Page_Metrodata Academy/button_Daftar' is clicked on

17-05-2024T09:28:36 - [TEST_STEP][PASSED] - if (verifyElementPresent(findTestObject("Object Repository/Page_Metrodata Academy/input__email"), 5)): null

17-05-2024T09:28:36 - [MESSAGE][PASSED] - Object 'Object Repository/Page_Metrodata Academy/input__email' is present

17-05-2024T09:28:36 - [TEST_STEP][PASSED] - println("Error: Email sudah terdaftar"): null

17-05-2024T09:28:36 - [TEST_STEP][PASSED] - takeScreenshot(): Taking screenshot successfully

17-05-2024T09:28:37 - [MESSAGE][PASSED] - Taking screenshot successfully
[[ATTACHMENT|C:\\Users\\papah\\git\\Katalon-Training-Project\\Reports\\20240517_092732\\Daftar Akun\\20240517_092733\\1715912916913.png]]

17-05-2024T09:28:37 - [TEST_STEP][PASSED] - delay(4): Delayed 4 second(s)

17-05-2024T09:28:41 - [MESSAGE][PASSED] - Delayed 4 second(s)

17-05-2024T09:28:41 - [TEST_STEP][PASSED] - closeBrowser(): Browser is closed

17-05-2024T09:28:41 - [MESSAGE][PASSED] - Browser is closed]]></system-out>
         <system-err><![CDATA[]]></system-err>
      </testcase>
      <system-out><![CDATA[17-05-2024T09:27:39 - [TEST_SUITE][PASSED] - Daftar Akun: Test Cases/Test Case 7 (Abnormal Daftar Akun Email Sudah Terdaftar)]]></system-out>
      <system-err><![CDATA[]]></system-err>
   </testsuite>
</testsuites>
