<?xml version="1.0" encoding="UTF-8"?>
<testsuites name="Artikel Tentang Kami" time="16.343" tests="1" failures="0" errors="0">
   <testsuite name="Artikel Tentang Kami" tests="1" failures="0" errors="0" time="16.343" skipped="0" timestamp="17-05-2024T09:26:59" hostname="papah - PapahGilak" id="Test Suites/Artikel Tentang Kami">
      <properties>
         <property name="deviceName" value=""/>
         <property name="devicePlatform" value=""/>
         <property name="logFolder" value="C:\\Users\\papah\\git\\Katalon-Training-Project\\Reports\\20240517_092653\\Artikel Tentang Kami\\20240517_092653"/>
         <property name="logFiles" value="C:\\Users\\papah\\git\\Katalon-Training-Project\\Reports\\20240517_092653\\Artikel Tentang Kami\\20240517_092653\\execution0.log"/>
         <property name="attachments" value="C:\\Users\\papah\\git\\Katalon-Training-Project\\Reports\\20240517_092653\\Artikel Tentang Kami\\20240517_092653\\1715912828258.png, C:\\Users\\papah\\git\\Katalon-Training-Project\\Reports\\20240517_092653\\Artikel Tentang Kami\\20240517_092653\\1715912830502.png, C:\\Users\\papah\\git\\Katalon-Training-Project\\Reports\\20240517_092653\\Artikel Tentang Kami\\20240517_092653\\1715912832086.png, C:\\Users\\papah\\git\\Katalon-Training-Project\\Reports\\20240517_092653\\Artikel Tentang Kami\\20240517_092653\\1715912834505.png"/>
         <property name="hostName" value="papah - PapahGilak"/>
         <property name="os" value="Windows 11 64bit"/>
         <property name="katalonVersion" value="9.4.0.212"/>
         <property name="browser" value="Chrome 124.0.0.0"/>
         <property name="hostAddress" value="192.168.0.121"/>
         <property name="sessionId" value="c63973cdbcb205e2c62255e5912d8152"/>
         <property name="seleniumVersion" value="3.141.59"/>
         <property name="proxyInformation" value="ProxyInformation { proxyOption=NO_PROXY, proxyServerType=HTTP, username=, password=********, proxyServerAddress=, proxyServerPort=0, executionList=&quot;&quot;, isApplyToDesiredCapabilities=true }"/>
         <property name="platform" value="Windows 11"/>
      </properties>
      <testcase name="Test Cases/Test Case 9 (Normal Artikel dan Tentang Kami)" time="16.078" classname="Test Cases/Test Case 9 (Normal Artikel dan Tentang Kami)" status="PASSED">
         <system-out><![CDATA[17-05-2024T09:26:59 - [TEST_CASE][PASSED] - Test Cases/Test Case 9 (Normal Artikel dan Tentang Kami): Test Cases/Test Case 9 (Normal Artikel dan Tentang Kami)

17-05-2024T09:26:59 - [TEST_STEP][PASSED] - openBrowser(""): Browser is opened with url: ''

17-05-2024T09:27:00 - [MESSAGE][INFO] - Starting 'Chrome' driver

17-05-2024T09:27:00 - [MESSAGE][INFO] - Action delay is set to 0 milliseconds

17-05-2024T09:27:01 - [MESSAGE][PASSED] - Browser is opened with url: ''

17-05-2024T09:27:01 - [TEST_STEP][PASSED] - maximizeWindow(): Current window maximized

17-05-2024T09:27:02 - [MESSAGE][PASSED] - Current window maximized

17-05-2024T09:27:02 - [TEST_STEP][PASSED] - navigateToUrl("https://metrodataacademy.id/"): Navigate to 'https://metrodataacademy.id/' successfully

17-05-2024T09:27:04 - [MESSAGE][PASSED] - Navigate to 'https://metrodataacademy.id/' successfully

17-05-2024T09:27:04 - [TEST_STEP][PASSED] - takeScreenshot(): Taking screenshot successfully

17-05-2024T09:27:08 - [MESSAGE][PASSED] - Taking screenshot successfully
[[ATTACHMENT|C:\\Users\\papah\\git\\Katalon-Training-Project\\Reports\\20240517_092653\\Artikel Tentang Kami\\20240517_092653\\1715912828258.png]]

17-05-2024T09:27:08 - [TEST_STEP][PASSED] - click(findTestObject("Object Repository/Page_Metrodata Academy/a_Artikel")): Object: 'Object Repository/Page_Metrodata Academy/a_Artikel' is clicked on

17-05-2024T09:27:09 - [MESSAGE][PASSED] - Object: 'Object Repository/Page_Metrodata Academy/a_Artikel' is clicked on

17-05-2024T09:27:09 - [TEST_STEP][PASSED] - takeScreenshot(): Taking screenshot successfully

17-05-2024T09:27:11 - [MESSAGE][PASSED] - Taking screenshot successfully
[[ATTACHMENT|C:\\Users\\papah\\git\\Katalon-Training-Project\\Reports\\20240517_092653\\Artikel Tentang Kami\\20240517_092653\\1715912830502.png]]

17-05-2024T09:27:11 - [TEST_STEP][PASSED] - click(findTestObject("Object Repository/Page_Metrodata Academy/a_MARCHVELOUS   Buka Potensi Terbaik Kalian_84380c")): Object: 'Object Repository/Page_Metrodata Academy/a_MARCHVELOUS   Buka Potensi Terbaik Kalian_84380c' is clicked on

17-05-2024T09:27:11 - [MESSAGE][PASSED] - Object: 'Object Repository/Page_Metrodata Academy/a_MARCHVELOUS   Buka Potensi Terbaik Kalian_84380c' is clicked on

17-05-2024T09:27:11 - [TEST_STEP][PASSED] - takeScreenshot(): Taking screenshot successfully

17-05-2024T09:27:12 - [MESSAGE][PASSED] - Taking screenshot successfully
[[ATTACHMENT|C:\\Users\\papah\\git\\Katalon-Training-Project\\Reports\\20240517_092653\\Artikel Tentang Kami\\20240517_092653\\1715912832086.png]]

17-05-2024T09:27:12 - [TEST_STEP][PASSED] - click(findTestObject("Object Repository/Page_Metrodata Academy/a_Tentang Kami")): Object: 'Object Repository/Page_Metrodata Academy/a_Tentang Kami' is clicked on

17-05-2024T09:27:14 - [MESSAGE][PASSED] - Object: 'Object Repository/Page_Metrodata Academy/a_Tentang Kami' is clicked on

17-05-2024T09:27:14 - [TEST_STEP][PASSED] - takeScreenshot(): Taking screenshot successfully

17-05-2024T09:27:15 - [MESSAGE][PASSED] - Taking screenshot successfully
[[ATTACHMENT|C:\\Users\\papah\\git\\Katalon-Training-Project\\Reports\\20240517_092653\\Artikel Tentang Kami\\20240517_092653\\1715912834505.png]]

17-05-2024T09:27:15 - [TEST_STEP][PASSED] - closeBrowser(): Browser is closed

17-05-2024T09:27:15 - [MESSAGE][PASSED] - Browser is closed]]></system-out>
         <system-err><![CDATA[]]></system-err>
      </testcase>
      <system-out><![CDATA[17-05-2024T09:26:59 - [TEST_SUITE][PASSED] - Artikel Tentang Kami: Test Cases/Test Case 9 (Normal Artikel dan Tentang Kami)]]></system-out>
      <system-err><![CDATA[]]></system-err>
   </testsuite>
</testsuites>
